#
# There is insufficient memory for the Java Runtime Environment to continue.
# Native memory allocation (malloc) failed to allocate 32744 bytes for Chunk::new
# Possible reasons:
#   The system is out of physical RAM or swap space
#   The process is running with CompressedOops enabled, and the Java Heap may be blocking the growth of the native heap
# Possible solutions:
#   Reduce memory load on the system
#   Increase physical memory or swap space
#   Check if swap backing store is full
#   Decrease Java heap size (-Xmx/-Xms)
#   Decrease number of Java threads
#   Decrease Java thread stack sizes (-Xss)
#   Set larger code cache with -XX:ReservedCodeCacheSize=
#   JVM is running with Zero Based Compressed Oops mode in which the Java heap is
#     placed in the first 32GB address space. The Java Heap base address is the
#     maximum limit for the native heap growth. Please use -XX:HeapBaseMinAddress
#     to set the Java Heap base and to place the Java Heap above 32GB virtual address.
# This output file may be truncated or incomplete.
#
#  Out of Memory Error (arena.cpp:168), pid=26012, tid=34580
#
# JRE version: OpenJDK Runtime Environment Temurin-21.0.2+13 (21.0.2+13) (build 21.0.2+13-LTS)
# Java VM: OpenJDK 64-Bit Server VM Temurin-21.0.2+13 (21.0.2+13-LTS, mixed mode, sharing, tiered, compressed oops, compressed class ptrs, g1 gc, windows-amd64)
# No core dump will be written. Minidumps are not enabled by default on client versions of Windows
#

---------------  S U M M A R Y ------------

Command Line: -Dfile.encoding=UTF-8 -Dstdout.encoding=UTF-8 -Dstderr.encoding=UTF-8 -XX:+ShowCodeDetailsInExceptionMessages Task.validate

Host: AMD Ryzen 5 5600H with Radeon Graphics         , 12 cores, 15G,  Windows 11 , 64 bit Build 22621 (10.0.22621.3958)
Time: Sat Aug  3 17:31:11 2024 India Standard Time elapsed time: 3.596202 seconds (0d 0h 0m 3s)

---------------  T H R E A D  ---------------

Current thread (0x0000029c7fcecb80):  JavaThread "C2 CompilerThread0" daemon [_thread_in_native, id=34580, stack(0x000000a11e900000,0x000000a11ea00000) (1024K)]


Current CompileTask:
C2:   3596 1649       4       java.lang.invoke.MethodType::makeImpl (109 bytes)

Stack: [0x000000a11e900000,0x000000a11ea00000]
Native frames: (J=compiled Java code, j=interpreted, Vv=VM code, C=native code)
V  [jvm.dll+0x6c94f9]
V  [jvm.dll+0x8a3c21]
V  [jvm.dll+0x8a614e]
V  [jvm.dll+0x8a6823]
V  [jvm.dll+0x27fa86]
V  [jvm.dll+0xc4a2d]
V  [jvm.dll+0xc4f63]
V  [jvm.dll+0x3b8d88]
V  [jvm.dll+0x5d42d8]
V  [jvm.dll+0x5d33b6]
V  [jvm.dll+0x5d3c35]
V  [jvm.dll+0x3805a4]
V  [jvm.dll+0x37f9da]
V  [jvm.dll+0x247fa0]
V  [jvm.dll+0x24757f]
V  [jvm.dll+0x1c847e]
V  [jvm.dll+0x256db9]
V  [jvm.dll+0x25538a]
V  [jvm.dll+0x3ed0d6]
V  [jvm.dll+0x84cb3b]
V  [jvm.dll+0x6c7c2d]
C  [ucrtbase.dll+0x29333]
C  [KERNEL32.DLL+0x1257d]
C  [ntdll.dll+0x5af28]


---------------  P R O C E S S  ---------------

Threads class SMR info:
_java_thread_list=0x0000029c5a8cd260, length=26, elements={
0x0000029c731c8d30, 0x0000029c7fcb2340, 0x0000029c7fcb2c70, 0x0000029c7fcb65d0,
0x0000029c7fcb6fa0, 0x0000029c7fcc3630, 0x0000029c7fcc91b0, 0x0000029c7fcecb80,
0x0000029c7fced230, 0x0000029c5a181d40, 0x0000029c5a186e00, 0x0000029c5a7daf70,
0x0000029c5a936350, 0x0000029c5adeee90, 0x0000029c5ab7fe40, 0x0000029c5a91dbf0,
0x0000029c5aa6e6c0, 0x0000029c5ae19890, 0x0000029c5ae184e0, 0x0000029c5ae18b70,
0x0000029c5ae1a5b0, 0x0000029c5ae19200, 0x0000029c5ae19f20, 0x0000029c5ae17e50,
0x0000029c5ae1ac40, 0x0000029c5af3e8c0
}

Java Threads: ( => current thread )
  0x0000029c731c8d30 JavaThread "Forwarding get on session 25c59c6e20fbeafe5cef09866e21294d to remote"        [_thread_blocked, id=34920, stack(0x000000a11db00000,0x000000a11dc00000) (1024K)]
  0x0000029c7fcb2340 JavaThread "Reference Handler"          daemon [_thread_blocked, id=20336, stack(0x000000a11e300000,0x000000a11e400000) (1024K)]
  0x0000029c7fcb2c70 JavaThread "Finalizer"                  daemon [_thread_blocked, id=32356, stack(0x000000a11e400000,0x000000a11e500000) (1024K)]
  0x0000029c7fcb65d0 JavaThread "Signal Dispatcher"          daemon [_thread_blocked, id=30928, stack(0x000000a11e500000,0x000000a11e600000) (1024K)]
  0x0000029c7fcb6fa0 JavaThread "Attach Listener"            daemon [_thread_blocked, id=33060, stack(0x000000a11e600000,0x000000a11e700000) (1024K)]
  0x0000029c7fcc3630 JavaThread "Service Thread"             daemon [_thread_blocked, id=33044, stack(0x000000a11e700000,0x000000a11e800000) (1024K)]
  0x0000029c7fcc91b0 JavaThread "Monitor Deflation Thread"   daemon [_thread_blocked, id=28508, stack(0x000000a11e800000,0x000000a11e900000) (1024K)]
=>0x0000029c7fcecb80 JavaThread "C2 CompilerThread0"         daemon [_thread_in_native, id=34580, stack(0x000000a11e900000,0x000000a11ea00000) (1024K)]
  0x0000029c7fced230 JavaThread "C1 CompilerThread0"         daemon [_thread_blocked, id=26144, stack(0x000000a11ea00000,0x000000a11eb00000) (1024K)]
  0x0000029c5a181d40 JavaThread "Notification Thread"        daemon [_thread_blocked, id=24264, stack(0x000000a11eb00000,0x000000a11ec00000) (1024K)]
  0x0000029c5a186e00 JavaThread "Common-Cleaner"             daemon [_thread_blocked, id=5552, stack(0x000000a11ec00000,0x000000a11ed00000) (1024K)]
  0x0000029c5a7daf70 JavaThread "ForkJoinPool.commonPool-worker-1" daemon [_thread_blocked, id=16452, stack(0x000000a11ed00000,0x000000a11ee00000) (1024K)]
  0x0000029c5a936350 JavaThread "HttpClient-1-SelectorManager" daemon [_thread_in_native, id=17000, stack(0x000000a11ee00000,0x000000a11ef00000) (1024K)]
  0x0000029c5adeee90 JavaThread "Thread-2"                          [_thread_in_native, id=22524, stack(0x000000a11ef00000,0x000000a11f000000) (1024K)]
  0x0000029c5ab7fe40 JavaThread "Driver Service Executor"    daemon [_thread_blocked, id=16892, stack(0x000000a11f000000,0x000000a11f100000) (1024K)]
  0x0000029c5a91dbf0 JavaThread "Driver Service Executor"    daemon [_thread_in_native, id=19676, stack(0x000000a11f100000,0x000000a11f200000) (1024K)]
  0x0000029c5aa6e6c0 JavaThread "UrlChecker-2"               daemon [_thread_blocked, id=4660, stack(0x000000a11f200000,0x000000a11f300000) (1024K)]
  0x0000029c5ae19890 JavaThread "Keep-Alive-Timer"           daemon [_thread_blocked, id=4804, stack(0x000000a11fd00000,0x000000a11fe00000) (1024K)]
  0x0000029c5ae184e0 JavaThread "pool-1-thread-1"                   [_thread_blocked, id=15308, stack(0x000000a11fe00000,0x000000a11ff00000) (1024K)]
  0x0000029c5ae18b70 JavaThread "pool-1-thread-2"                   [_thread_blocked, id=21660, stack(0x000000a11ff00000,0x000000a120000000) (1024K)]
  0x0000029c5ae1a5b0 JavaThread "pool-1-thread-3"                   [_thread_blocked, id=21516, stack(0x000000a120000000,0x000000a120100000) (1024K)]
  0x0000029c5ae19200 JavaThread "HttpClient-2-SelectorManager" daemon [_thread_in_native, id=12324, stack(0x000000a120100000,0x000000a120200000) (1024K)]
  0x0000029c5ae19f20 JavaThread "pool-2-thread-1"                   [_thread_blocked, id=13588, stack(0x000000a120200000,0x000000a120300000) (1024K)]
  0x0000029c5ae17e50 JavaThread "pool-2-thread-2"                   [_thread_blocked, id=35560, stack(0x000000a120300000,0x000000a120400000) (1024K)]
  0x0000029c5ae1ac40 JavaThread "pool-2-thread-3"                   [_thread_blocked, id=6720, stack(0x000000a120400000,0x000000a120500000) (1024K)]
  0x0000029c5af3e8c0 JavaThread "C2 CompilerThread1"         daemon [_thread_in_native, id=33292, stack(0x000000a120500000,0x000000a120600000) (1024K)]
Total: 26

Other Threads:
  0x0000029c7fc94f10 VMThread "VM Thread"                           [id=26764, stack(0x000000a11e200000,0x000000a11e300000) (1024K)]
  0x0000029c7fc7b2a0 WatcherThread "VM Periodic Task Thread"        [id=34092, stack(0x000000a11e100000,0x000000a11e200000) (1024K)]
  0x0000029c75539fa0 WorkerThread "GC Thread#0"                     [id=34180, stack(0x000000a11dc00000,0x000000a11dd00000) (1024K)]
  0x0000029c5a95aa60 WorkerThread "GC Thread#1"                     [id=6368, stack(0x000000a11f300000,0x000000a11f400000) (1024K)]
  0x0000029c5a95ae00 WorkerThread "GC Thread#2"                     [id=13488, stack(0x000000a11f400000,0x000000a11f500000) (1024K)]
  0x0000029c5a95b5b0 WorkerThread "GC Thread#3"                     [id=15856, stack(0x000000a11f500000,0x000000a11f600000) (1024K)]
  0x0000029c5a95bd60 WorkerThread "GC Thread#4"                     [id=9948, stack(0x000000a11f600000,0x000000a11f700000) (1024K)]
  0x0000029c5adf6a60 WorkerThread "GC Thread#5"                     [id=18208, stack(0x000000a11f700000,0x000000a11f800000) (1024K)]
  0x0000029c5adf6e00 WorkerThread "GC Thread#6"                     [id=20856, stack(0x000000a11f800000,0x000000a11f900000) (1024K)]
  0x0000029c5adf71a0 WorkerThread "GC Thread#7"                     [id=13108, stack(0x000000a11f900000,0x000000a11fa00000) (1024K)]
  0x0000029c5adf8560 WorkerThread "GC Thread#8"                     [id=1180, stack(0x000000a11fa00000,0x000000a11fb00000) (1024K)]
  0x0000029c5adf9520 WorkerThread "GC Thread#9"                     [id=15564, stack(0x000000a11fb00000,0x000000a11fc00000) (1024K)]
  0x0000029c7554a6c0 ConcurrentGCThread "G1 Main Marker"            [id=31088, stack(0x000000a11dd00000,0x000000a11de00000) (1024K)]
  0x0000029c7554b960 WorkerThread "G1 Conc#0"                       [id=4900, stack(0x000000a11de00000,0x000000a11df00000) (1024K)]
  0x0000029c7fb4f160 ConcurrentGCThread "G1 Refine#0"               [id=24388, stack(0x000000a11df00000,0x000000a11e000000) (1024K)]
  0x0000029c7fb4f6f0 ConcurrentGCThread "G1 Service"                [id=35668, stack(0x000000a11e000000,0x000000a11e100000) (1024K)]
Total: 16

Threads with active compile tasks:
C2 CompilerThread0     3624 1649       4       java.lang.invoke.MethodType::makeImpl (109 bytes)
C2 CompilerThread1     3624 1791       4       java.lang.String::replace (42 bytes)
Total: 2

VM state: not at safepoint (normal execution)

VM Mutex/Monitor currently owned by a thread: None

Heap address: 0x000000070a600000, size: 3930 MB, Compressed Oops mode: Zero based, Oop shift amount: 3

CDS archive(s) mapped at: [0x0000029c15000000-0x0000029c15c90000-0x0000029c15c90000), size 13172736, SharedBaseAddress: 0x0000029c15000000, ArchiveRelocationMode: 1.
Compressed class space mapped at: 0x0000029c16000000-0x0000029c56000000, reserved size: 1073741824
Narrow klass base: 0x0000029c15000000, Narrow klass shift: 0, Narrow klass range: 0x100000000

GC Precious Log:
 CardTable entry size: 512
 Card Set container configuration: InlinePtr #cards 4 size 8 Array Of Cards #cards 16 size 48 Howl #buckets 8 coarsen threshold 3686 Howl Bitmap #cards 512 size 80 coarsen threshold 460 Card regions per heap region 1 cards per card region 4096
 CPUs: 12 total, 12 available
 Memory: 15713M
 Large Page Support: Disabled
 NUMA Support: Disabled
 Compressed Oops: Enabled (Zero based)
 Heap Region Size: 2M
 Heap Min Capacity: 8M
 Heap Initial Capacity: 246M
 Heap Max Capacity: 3930M
 Pre-touch: Disabled
 Parallel Workers: 10
 Concurrent Workers: 3
 Concurrent Refinement Workers: 10
 Periodic GC: Disabled

Heap:
 garbage-first heap   total 251904K, used 18648K [0x000000070a600000, 0x0000000800000000)
  region size 2048K, 9 young (18432K), 2 survivors (4096K)
 Metaspace       used 13563K, committed 13888K, reserved 1114112K
  class space    used 1657K, committed 1792K, reserved 1048576K

Heap Regions: E=young(eden), S=young(survivor), O=old, HS=humongous(starts), HC=humongous(continues), CS=collection set, F=free, TAMS=top-at-mark-start, PB=parsable bottom
|   0|0x000000070a600000, 0x000000070a800000, 0x000000070a800000|100%|HS|  |TAMS 0x000000070a600000| PB 0x000000070a600000| Complete 
|   1|0x000000070a800000, 0x000000070aa00000, 0x000000070aa00000|100%|HC|  |TAMS 0x000000070a800000| PB 0x000000070a800000| Complete 
|   2|0x000000070aa00000, 0x000000070aa360a0, 0x000000070ac00000| 10%| O|  |TAMS 0x000000070aa00000| PB 0x000000070aa00000| Untracked 
|   3|0x000000070ac00000, 0x000000070ac00000, 0x000000070ae00000|  0%| F|  |TAMS 0x000000070ac00000| PB 0x000000070ac00000| Untracked 
|   4|0x000000070ae00000, 0x000000070ae00000, 0x000000070b000000|  0%| F|  |TAMS 0x000000070ae00000| PB 0x000000070ae00000| Untracked 
|   5|0x000000070b000000, 0x000000070b000000, 0x000000070b200000|  0%| F|  |TAMS 0x000000070b000000| PB 0x000000070b000000| Untracked 
|   6|0x000000070b200000, 0x000000070b200000, 0x000000070b400000|  0%| F|  |TAMS 0x000000070b200000| PB 0x000000070b200000| Untracked 
|   7|0x000000070b400000, 0x000000070b400000, 0x000000070b600000|  0%| F|  |TAMS 0x000000070b400000| PB 0x000000070b400000| Untracked 
|   8|0x000000070b600000, 0x000000070b600000, 0x000000070b800000|  0%| F|  |TAMS 0x000000070b600000| PB 0x000000070b600000| Untracked 
|   9|0x000000070b800000, 0x000000070b800000, 0x000000070ba00000|  0%| F|  |TAMS 0x000000070b800000| PB 0x000000070b800000| Untracked 
|  10|0x000000070ba00000, 0x000000070ba00000, 0x000000070bc00000|  0%| F|  |TAMS 0x000000070ba00000| PB 0x000000070ba00000| Untracked 
|  11|0x000000070bc00000, 0x000000070bc00000, 0x000000070be00000|  0%| F|  |TAMS 0x000000070bc00000| PB 0x000000070bc00000| Untracked 
|  12|0x000000070be00000, 0x000000070be00000, 0x000000070c000000|  0%| F|  |TAMS 0x000000070be00000| PB 0x000000070be00000| Untracked 
|  13|0x000000070c000000, 0x000000070c000000, 0x000000070c200000|  0%| F|  |TAMS 0x000000070c000000| PB 0x000000070c000000| Untracked 
|  14|0x000000070c200000, 0x000000070c200000, 0x000000070c400000|  0%| F|  |TAMS 0x000000070c200000| PB 0x000000070c200000| Untracked 
|  15|0x000000070c400000, 0x000000070c400000, 0x000000070c600000|  0%| F|  |TAMS 0x000000070c400000| PB 0x000000070c400000| Untracked 
|  16|0x000000070c600000, 0x000000070c600000, 0x000000070c800000|  0%| F|  |TAMS 0x000000070c600000| PB 0x000000070c600000| Untracked 
|  17|0x000000070c800000, 0x000000070c800000, 0x000000070ca00000|  0%| F|  |TAMS 0x000000070c800000| PB 0x000000070c800000| Untracked 
|  18|0x000000070ca00000, 0x000000070ca00000, 0x000000070cc00000|  0%| F|  |TAMS 0x000000070ca00000| PB 0x000000070ca00000| Untracked 
|  19|0x000000070cc00000, 0x000000070cc00000, 0x000000070ce00000|  0%| F|  |TAMS 0x000000070cc00000| PB 0x000000070cc00000| Untracked 
|  20|0x000000070ce00000, 0x000000070ce00000, 0x000000070d000000|  0%| F|  |TAMS 0x000000070ce00000| PB 0x000000070ce00000| Untracked 
|  21|0x000000070d000000, 0x000000070d000000, 0x000000070d200000|  0%| F|  |TAMS 0x000000070d000000| PB 0x000000070d000000| Untracked 
|  22|0x000000070d200000, 0x000000070d200000, 0x000000070d400000|  0%| F|  |TAMS 0x000000070d200000| PB 0x000000070d200000| Untracked 
|  23|0x000000070d400000, 0x000000070d400000, 0x000000070d600000|  0%| F|  |TAMS 0x000000070d400000| PB 0x000000070d400000| Untracked 
|  24|0x000000070d600000, 0x000000070d600000, 0x000000070d800000|  0%| F|  |TAMS 0x000000070d600000| PB 0x000000070d600000| Untracked 
|  25|0x000000070d800000, 0x000000070d800000, 0x000000070da00000|  0%| F|  |TAMS 0x000000070d800000| PB 0x000000070d800000| Untracked 
|  26|0x000000070da00000, 0x000000070da00000, 0x000000070dc00000|  0%| F|  |TAMS 0x000000070da00000| PB 0x000000070da00000| Untracked 
|  27|0x000000070dc00000, 0x000000070dc00000, 0x000000070de00000|  0%| F|  |TAMS 0x000000070dc00000| PB 0x000000070dc00000| Untracked 
|  28|0x000000070de00000, 0x000000070de00000, 0x000000070e000000|  0%| F|  |TAMS 0x000000070de00000| PB 0x000000070de00000| Untracked 
|  29|0x000000070e000000, 0x000000070e000000, 0x000000070e200000|  0%| F|  |TAMS 0x000000070e000000| PB 0x000000070e000000| Untracked 
|  30|0x000000070e200000, 0x000000070e200000, 0x000000070e400000|  0%| F|  |TAMS 0x000000070e200000| PB 0x000000070e200000| Untracked 
|  31|0x000000070e400000, 0x000000070e400000, 0x000000070e600000|  0%| F|  |TAMS 0x000000070e400000| PB 0x000000070e400000| Untracked 
|  32|0x000000070e600000, 0x000000070e600000, 0x000000070e800000|  0%| F|  |TAMS 0x000000070e600000| PB 0x000000070e600000| Untracked 
|  33|0x000000070e800000, 0x000000070e800000, 0x000000070ea00000|  0%| F|  |TAMS 0x000000070e800000| PB 0x000000070e800000| Untracked 
|  34|0x000000070ea00000, 0x000000070ea00000, 0x000000070ec00000|  0%| F|  |TAMS 0x000000070ea00000| PB 0x000000070ea00000| Untracked 
|  35|0x000000070ec00000, 0x000000070ec00000, 0x000000070ee00000|  0%| F|  |TAMS 0x000000070ec00000| PB 0x000000070ec00000| Untracked 
|  36|0x000000070ee00000, 0x000000070ee00000, 0x000000070f000000|  0%| F|  |TAMS 0x000000070ee00000| PB 0x000000070ee00000| Untracked 
|  37|0x000000070f000000, 0x000000070f000000, 0x000000070f200000|  0%| F|  |TAMS 0x000000070f000000| PB 0x000000070f000000| Untracked 
|  38|0x000000070f200000, 0x000000070f200000, 0x000000070f400000|  0%| F|  |TAMS 0x000000070f200000| PB 0x000000070f200000| Untracked 
|  39|0x000000070f400000, 0x000000070f400000, 0x000000070f600000|  0%| F|  |TAMS 0x000000070f400000| PB 0x000000070f400000| Untracked 
|  40|0x000000070f600000, 0x000000070f600000, 0x000000070f800000|  0%| F|  |TAMS 0x000000070f600000| PB 0x000000070f600000| Untracked 
|  41|0x000000070f800000, 0x000000070f800000, 0x000000070fa00000|  0%| F|  |TAMS 0x000000070f800000| PB 0x000000070f800000| Untracked 
|  42|0x000000070fa00000, 0x000000070fa00000, 0x000000070fc00000|  0%| F|  |TAMS 0x000000070fa00000| PB 0x000000070fa00000| Untracked 
|  43|0x000000070fc00000, 0x000000070fc00000, 0x000000070fe00000|  0%| F|  |TAMS 0x000000070fc00000| PB 0x000000070fc00000| Untracked 
|  44|0x000000070fe00000, 0x000000070fe00000, 0x0000000710000000|  0%| F|  |TAMS 0x000000070fe00000| PB 0x000000070fe00000| Untracked 
|  45|0x0000000710000000, 0x0000000710000000, 0x0000000710200000|  0%| F|  |TAMS 0x0000000710000000| PB 0x0000000710000000| Untracked 
|  46|0x0000000710200000, 0x0000000710200000, 0x0000000710400000|  0%| F|  |TAMS 0x0000000710200000| PB 0x0000000710200000| Untracked 
|  47|0x0000000710400000, 0x0000000710400000, 0x0000000710600000|  0%| F|  |TAMS 0x0000000710400000| PB 0x0000000710400000| Untracked 
|  48|0x0000000710600000, 0x0000000710600000, 0x0000000710800000|  0%| F|  |TAMS 0x0000000710600000| PB 0x0000000710600000| Untracked 
|  49|0x0000000710800000, 0x0000000710800000, 0x0000000710a00000|  0%| F|  |TAMS 0x0000000710800000| PB 0x0000000710800000| Untracked 
|  50|0x0000000710a00000, 0x0000000710a00000, 0x0000000710c00000|  0%| F|  |TAMS 0x0000000710a00000| PB 0x0000000710a00000| Untracked 
|  51|0x0000000710c00000, 0x0000000710c00000, 0x0000000710e00000|  0%| F|  |TAMS 0x0000000710c00000| PB 0x0000000710c00000| Untracked 
|  52|0x0000000710e00000, 0x0000000710e00000, 0x0000000711000000|  0%| F|  |TAMS 0x0000000710e00000| PB 0x0000000710e00000| Untracked 
|  53|0x0000000711000000, 0x0000000711000000, 0x0000000711200000|  0%| F|  |TAMS 0x0000000711000000| PB 0x0000000711000000| Untracked 
|  54|0x0000000711200000, 0x0000000711200000, 0x0000000711400000|  0%| F|  |TAMS 0x0000000711200000| PB 0x0000000711200000| Untracked 
|  55|0x0000000711400000, 0x0000000711400000, 0x0000000711600000|  0%| F|  |TAMS 0x0000000711400000| PB 0x0000000711400000| Untracked 
|  56|0x0000000711600000, 0x0000000711600000, 0x0000000711800000|  0%| F|  |TAMS 0x0000000711600000| PB 0x0000000711600000| Untracked 
|  57|0x0000000711800000, 0x0000000711800000, 0x0000000711a00000|  0%| F|  |TAMS 0x0000000711800000| PB 0x0000000711800000| Untracked 
|  58|0x0000000711a00000, 0x0000000711a00000, 0x0000000711c00000|  0%| F|  |TAMS 0x0000000711a00000| PB 0x0000000711a00000| Untracked 
|  59|0x0000000711c00000, 0x0000000711c00000, 0x0000000711e00000|  0%| F|  |TAMS 0x0000000711c00000| PB 0x0000000711c00000| Untracked 
|  60|0x0000000711e00000, 0x0000000711e00000, 0x0000000712000000|  0%| F|  |TAMS 0x0000000711e00000| PB 0x0000000711e00000| Untracked 
|  61|0x0000000712000000, 0x0000000712000000, 0x0000000712200000|  0%| F|  |TAMS 0x0000000712000000| PB 0x0000000712000000| Untracked 
|  62|0x0000000712200000, 0x0000000712200000, 0x0000000712400000|  0%| F|  |TAMS 0x0000000712200000| PB 0x0000000712200000| Untracked 
|  63|0x0000000712400000, 0x0000000712400000, 0x0000000712600000|  0%| F|  |TAMS 0x0000000712400000| PB 0x0000000712400000| Untracked 
|  64|0x0000000712600000, 0x0000000712600000, 0x0000000712800000|  0%| F|  |TAMS 0x0000000712600000| PB 0x0000000712600000| Untracked 
|  65|0x0000000712800000, 0x0000000712800000, 0x0000000712a00000|  0%| F|  |TAMS 0x0000000712800000| PB 0x0000000712800000| Untracked 
|  66|0x0000000712a00000, 0x0000000712a00000, 0x0000000712c00000|  0%| F|  |TAMS 0x0000000712a00000| PB 0x0000000712a00000| Untracked 
|  67|0x0000000712c00000, 0x0000000712c00000, 0x0000000712e00000|  0%| F|  |TAMS 0x0000000712c00000| PB 0x0000000712c00000| Untracked 
|  68|0x0000000712e00000, 0x0000000712e00000, 0x0000000713000000|  0%| F|  |TAMS 0x0000000712e00000| PB 0x0000000712e00000| Untracked 
|  69|0x0000000713000000, 0x0000000713000000, 0x0000000713200000|  0%| F|  |TAMS 0x0000000713000000| PB 0x0000000713000000| Untracked 
|  70|0x0000000713200000, 0x0000000713200000, 0x0000000713400000|  0%| F|  |TAMS 0x0000000713200000| PB 0x0000000713200000| Untracked 
|  71|0x0000000713400000, 0x0000000713400000, 0x0000000713600000|  0%| F|  |TAMS 0x0000000713400000| PB 0x0000000713400000| Untracked 
|  72|0x0000000713600000, 0x0000000713600000, 0x0000000713800000|  0%| F|  |TAMS 0x0000000713600000| PB 0x0000000713600000| Untracked 
|  73|0x0000000713800000, 0x0000000713800000, 0x0000000713a00000|  0%| F|  |TAMS 0x0000000713800000| PB 0x0000000713800000| Untracked 
|  74|0x0000000713a00000, 0x0000000713a00000, 0x0000000713c00000|  0%| F|  |TAMS 0x0000000713a00000| PB 0x0000000713a00000| Untracked 
|  75|0x0000000713c00000, 0x0000000713c00000, 0x0000000713e00000|  0%| F|  |TAMS 0x0000000713c00000| PB 0x0000000713c00000| Untracked 
|  76|0x0000000713e00000, 0x0000000713e00000, 0x0000000714000000|  0%| F|  |TAMS 0x0000000713e00000| PB 0x0000000713e00000| Untracked 
|  77|0x0000000714000000, 0x0000000714000000, 0x0000000714200000|  0%| F|  |TAMS 0x0000000714000000| PB 0x0000000714000000| Untracked 
|  78|0x0000000714200000, 0x0000000714200000, 0x0000000714400000|  0%| F|  |TAMS 0x0000000714200000| PB 0x0000000714200000| Untracked 
|  79|0x0000000714400000, 0x0000000714400000, 0x0000000714600000|  0%| F|  |TAMS 0x0000000714400000| PB 0x0000000714400000| Untracked 
|  80|0x0000000714600000, 0x0000000714600000, 0x0000000714800000|  0%| F|  |TAMS 0x0000000714600000| PB 0x0000000714600000| Untracked 
|  81|0x0000000714800000, 0x0000000714800000, 0x0000000714a00000|  0%| F|  |TAMS 0x0000000714800000| PB 0x0000000714800000| Untracked 
|  82|0x0000000714a00000, 0x0000000714a00000, 0x0000000714c00000|  0%| F|  |TAMS 0x0000000714a00000| PB 0x0000000714a00000| Untracked 
|  83|0x0000000714c00000, 0x0000000714c00000, 0x0000000714e00000|  0%| F|  |TAMS 0x0000000714c00000| PB 0x0000000714c00000| Untracked 
|  84|0x0000000714e00000, 0x0000000714e00000, 0x0000000715000000|  0%| F|  |TAMS 0x0000000714e00000| PB 0x0000000714e00000| Untracked 
|  85|0x0000000715000000, 0x0000000715000000, 0x0000000715200000|  0%| F|  |TAMS 0x0000000715000000| PB 0x0000000715000000| Untracked 
|  86|0x0000000715200000, 0x0000000715200000, 0x0000000715400000|  0%| F|  |TAMS 0x0000000715200000| PB 0x0000000715200000| Untracked 
|  87|0x0000000715400000, 0x0000000715400000, 0x0000000715600000|  0%| F|  |TAMS 0x0000000715400000| PB 0x0000000715400000| Untracked 
|  88|0x0000000715600000, 0x0000000715600000, 0x0000000715800000|  0%| F|  |TAMS 0x0000000715600000| PB 0x0000000715600000| Untracked 
|  89|0x0000000715800000, 0x0000000715800000, 0x0000000715a00000|  0%| F|  |TAMS 0x0000000715800000| PB 0x0000000715800000| Untracked 
|  90|0x0000000715a00000, 0x0000000715a00000, 0x0000000715c00000|  0%| F|  |TAMS 0x0000000715a00000| PB 0x0000000715a00000| Untracked 
|  91|0x0000000715c00000, 0x0000000715c00000, 0x0000000715e00000|  0%| F|  |TAMS 0x0000000715c00000| PB 0x0000000715c00000| Untracked 
|  92|0x0000000715e00000, 0x0000000715e00000, 0x0000000716000000|  0%| F|  |TAMS 0x0000000715e00000| PB 0x0000000715e00000| Untracked 
|  93|0x0000000716000000, 0x0000000716000000, 0x0000000716200000|  0%| F|  |TAMS 0x0000000716000000| PB 0x0000000716000000| Untracked 
|  94|0x0000000716200000, 0x0000000716200000, 0x0000000716400000|  0%| F|  |TAMS 0x0000000716200000| PB 0x0000000716200000| Untracked 
|  95|0x0000000716400000, 0x0000000716400000, 0x0000000716600000|  0%| F|  |TAMS 0x0000000716400000| PB 0x0000000716400000| Untracked 
|  96|0x0000000716600000, 0x0000000716600000, 0x0000000716800000|  0%| F|  |TAMS 0x0000000716600000| PB 0x0000000716600000| Untracked 
|  97|0x0000000716800000, 0x0000000716800000, 0x0000000716a00000|  0%| F|  |TAMS 0x0000000716800000| PB 0x0000000716800000| Untracked 
|  98|0x0000000716a00000, 0x0000000716a00000, 0x0000000716c00000|  0%| F|  |TAMS 0x0000000716a00000| PB 0x0000000716a00000| Untracked 
|  99|0x0000000716c00000, 0x0000000716c00000, 0x0000000716e00000|  0%| F|  |TAMS 0x0000000716c00000| PB 0x0000000716c00000| Untracked 
| 100|0x0000000716e00000, 0x0000000716e00000, 0x0000000717000000|  0%| F|  |TAMS 0x0000000716e00000| PB 0x0000000716e00000| Untracked 
| 101|0x0000000717000000, 0x0000000717000000, 0x0000000717200000|  0%| F|  |TAMS 0x0000000717000000| PB 0x0000000717000000| Untracked 
| 102|0x0000000717200000, 0x0000000717200000, 0x0000000717400000|  0%| F|  |TAMS 0x0000000717200000| PB 0x0000000717200000| Untracked 
| 103|0x0000000717400000, 0x0000000717400000, 0x0000000717600000|  0%| F|  |TAMS 0x0000000717400000| PB 0x0000000717400000| Untracked 
| 104|0x0000000717600000, 0x0000000717600000, 0x0000000717800000|  0%| F|  |TAMS 0x0000000717600000| PB 0x0000000717600000| Untracked 
| 105|0x0000000717800000, 0x0000000717800000, 0x0000000717a00000|  0%| F|  |TAMS 0x0000000717800000| PB 0x0000000717800000| Untracked 
| 106|0x0000000717a00000, 0x0000000717a00000, 0x0000000717c00000|  0%| F|  |TAMS 0x0000000717a00000| PB 0x0000000717a00000| Untracked 
| 107|0x0000000717c00000, 0x0000000717c00000, 0x0000000717e00000|  0%| F|  |TAMS 0x0000000717c00000| PB 0x0000000717c00000| Untracked 
| 108|0x0000000717e00000, 0x0000000717e00000, 0x0000000718000000|  0%| F|  |TAMS 0x0000000717e00000| PB 0x0000000717e00000| Untracked 
| 109|0x0000000718000000, 0x0000000718000000, 0x0000000718200000|  0%| F|  |TAMS 0x0000000718000000| PB 0x0000000718000000| Untracked 
| 110|0x0000000718200000, 0x0000000718400000, 0x0000000718400000|100%| S|CS|TAMS 0x0000000718200000| PB 0x0000000718200000| Complete 
| 111|0x0000000718400000, 0x0000000718600000, 0x0000000718600000|100%| S|CS|TAMS 0x0000000718400000| PB 0x0000000718400000| Complete 
| 112|0x0000000718600000, 0x0000000718600000, 0x0000000718800000|  0%| F|  |TAMS 0x0000000718600000| PB 0x0000000718600000| Untracked 
| 113|0x0000000718800000, 0x0000000718800000, 0x0000000718a00000|  0%| F|  |TAMS 0x0000000718800000| PB 0x0000000718800000| Untracked 
| 114|0x0000000718a00000, 0x0000000718a00000, 0x0000000718c00000|  0%| F|  |TAMS 0x0000000718a00000| PB 0x0000000718a00000| Untracked 
| 115|0x0000000718c00000, 0x0000000718c00000, 0x0000000718e00000|  0%| F|  |TAMS 0x0000000718c00000| PB 0x0000000718c00000| Untracked 
| 116|0x0000000718e00000, 0x0000000718e5a188, 0x0000000719000000| 17%| E|  |TAMS 0x0000000718e00000| PB 0x0000000718e00000| Complete 
| 117|0x0000000719000000, 0x0000000719200000, 0x0000000719200000|100%| E|  |TAMS 0x0000000719000000| PB 0x0000000719000000| Complete 
| 118|0x0000000719200000, 0x0000000719400000, 0x0000000719400000|100%| E|CS|TAMS 0x0000000719200000| PB 0x0000000719200000| Complete 
| 119|0x0000000719400000, 0x0000000719600000, 0x0000000719600000|100%| E|CS|TAMS 0x0000000719400000| PB 0x0000000719400000| Complete 
| 120|0x0000000719600000, 0x0000000719800000, 0x0000000719800000|100%| E|CS|TAMS 0x0000000719600000| PB 0x0000000719600000| Complete 
| 121|0x0000000719800000, 0x0000000719a00000, 0x0000000719a00000|100%| E|CS|TAMS 0x0000000719800000| PB 0x0000000719800000| Complete 
| 122|0x0000000719a00000, 0x0000000719c00000, 0x0000000719c00000|100%| E|CS|TAMS 0x0000000719a00000| PB 0x0000000719a00000| Complete 

Card table byte_map: [0x0000029c7e8b0000,0x0000029c7f060000] _byte_map_base: 0x0000029c7b05d000

Marking Bits: (CMBitMap*) 0x0000029c7553a6a0
 Bits: [0x0000029c0f000000, 0x0000029c12d68000)

Polling page: 0x0000029c73460000

Metaspace:

Usage:
  Non-class:     11.63 MB used.
      Class:      1.62 MB used.
       Both:     13.25 MB used.

Virtual space:
  Non-class space:       64.00 MB reserved,      11.81 MB ( 18%) committed,  1 nodes.
      Class space:        1.00 GB reserved,       1.75 MB ( <1%) committed,  1 nodes.
             Both:        1.06 GB reserved,      13.56 MB (  1%) committed. 

Chunk freelists:
   Non-Class:  4.20 MB
       Class:  14.14 MB
        Both:  18.34 MB

MaxMetaspaceSize: unlimited
CompressedClassSpaceSize: 1.00 GB
Initial GC threshold: 21.00 MB
Current GC threshold: 21.00 MB
CDS: on
 - commit_granule_bytes: 65536.
 - commit_granule_words: 8192.
 - virtual_space_node_default_size: 8388608.
 - enlarge_chunks_in_place: 1.
 - use_allocation_guard: 0.


Internal statistics:

num_allocs_failed_limit: 0.
num_arena_births: 340.
num_arena_deaths: 0.
num_vsnodes_births: 2.
num_vsnodes_deaths: 0.
num_space_committed: 217.
num_space_uncommitted: 0.
num_chunks_returned_to_freelist: 0.
num_chunks_taken_from_freelist: 691.
num_chunk_merges: 0.
num_chunk_splits: 419.
num_chunks_enlarged: 249.
num_inconsistent_stats: 0.

CodeHeap 'non-profiled nmethods': size=120000Kb used=542Kb max_used=542Kb free=119457Kb
 bounds [0x0000029c07ad0000, 0x0000029c07d40000, 0x0000029c0f000000]
CodeHeap 'profiled nmethods': size=120000Kb used=3408Kb max_used=3408Kb free=116591Kb
 bounds [0x0000029c00000000, 0x0000029c00360000, 0x0000029c07530000]
CodeHeap 'non-nmethods': size=5760Kb used=1479Kb max_used=1488Kb free=4280Kb
 bounds [0x0000029c07530000, 0x0000029c077a0000, 0x0000029c07ad0000]
 total_blobs=2353 nmethods=1796 adapters=461
 compilation: enabled
              stopped_count=0, restarted_count=0
 full_count=0

Compilation events (20 events):
Event: 3.581 Thread 0x0000029c7fced230 nmethod 1785 0x0000029c00351390 code [0x0000029c00351540, 0x0000029c00351770]
Event: 3.585 Thread 0x0000029c7fced230 1786       3       java.util.stream.StreamOpFlag::fromCharacteristics (37 bytes)
Event: 3.585 Thread 0x0000029c5af3e8c0 nmethod 1782 0x0000029c07b56510 code [0x0000029c07b566c0, 0x0000029c07b56928]
Event: 3.585 Thread 0x0000029c5af3e8c0 1783       4       java.lang.Thread::onSpinWait (1 bytes)
Event: 3.585 Thread 0x0000029c7fced230 nmethod 1786 0x0000029c00351810 code [0x0000029c003519e0, 0x0000029c00351d10]
Event: 3.585 Thread 0x0000029c5af3e8c0 nmethod 1783 0x0000029c07b56a90 code [0x0000029c07b56c00, 0x0000029c07b56c68]
Event: 3.585 Thread 0x0000029c7fced230 1788       3       org.openqa.selenium.json.StaticInitializerCoercer$$Lambda/0x0000029c16022fa8::test (8 bytes)
Event: 3.585 Thread 0x0000029c7fced230 nmethod 1788 0x0000029c00351e10 code [0x0000029c00351fc0, 0x0000029c003522f8]
Event: 3.585 Thread 0x0000029c7fced230 1787       3       java.util.stream.AbstractPipeline::<init> (55 bytes)
Event: 3.586 Thread 0x0000029c7fced230 nmethod 1787 0x0000029c00352410 code [0x0000029c003525c0, 0x0000029c003528a8]
Event: 3.586 Thread 0x0000029c7fced230 1790       3       java.util.LinkedHashMap$LinkedEntryIterator::next (5 bytes)
Event: 3.587 Thread 0x0000029c7fced230 nmethod 1790 0x0000029c00352990 code [0x0000029c00352b40, 0x0000029c00352cd8]
Event: 3.587 Thread 0x0000029c7fced230 1789       1       java.util.Spliterators$IteratorSpliterator::characteristics (5 bytes)
Event: 3.587 Thread 0x0000029c7fced230 nmethod 1789 0x0000029c07b56d90 code [0x0000029c07b56f20, 0x0000029c07b56fe8]
Event: 3.589 Thread 0x0000029c5af3e8c0 1791       4       java.lang.String::replace (42 bytes)
Event: 3.593 Thread 0x0000029c7fced230 1792       1       com.google.common.collect.ImmutableEntry::getKey (5 bytes)
Event: 3.594 Thread 0x0000029c7fced230 nmethod 1792 0x0000029c07b57090 code [0x0000029c07b57220, 0x0000029c07b572f0]
Event: 3.594 Thread 0x0000029c7fced230 1793       3       java.util.ArrayList::clear (43 bytes)
Event: 3.594 Thread 0x0000029c7fced230 nmethod 1793 0x0000029c00352d90 code [0x0000029c00352f40, 0x0000029c003532c0]
Event: 3.594 Thread 0x0000029c7fced230 1794       1       java.util.TreeMap::size (5 bytes)

GC Heap History (2 events):
Event: 1.419 GC heap before
{Heap before GC invocations=0 (full 0):
 garbage-first heap   total 251904K, used 24576K [0x000000070a600000, 0x0000000800000000)
  region size 2048K, 11 young (22528K), 0 survivors (0K)
 Metaspace       used 9048K, committed 9344K, reserved 1114112K
  class space    used 1039K, committed 1216K, reserved 1048576K
}
Event: 1.434 GC heap after
{Heap after GC invocations=1 (full 0):
 garbage-first heap   total 251904K, used 8408K [0x000000070a600000, 0x0000000800000000)
  region size 2048K, 2 young (4096K), 2 survivors (4096K)
 Metaspace       used 9048K, committed 9344K, reserved 1114112K
  class space    used 1039K, committed 1216K, reserved 1048576K
}

Dll operation events (8 events):
Event: 0.011 Loaded shared library C:\Program Files\Eclipse Adoptium\jdk-21.0.2.13-hotspot\bin\java.dll
Event: 0.083 Loaded shared library C:\Program Files\Eclipse Adoptium\jdk-21.0.2.13-hotspot\bin\jsvml.dll
Event: 0.120 Loaded shared library C:\Program Files\Eclipse Adoptium\jdk-21.0.2.13-hotspot\bin\net.dll
Event: 0.122 Loaded shared library C:\Program Files\Eclipse Adoptium\jdk-21.0.2.13-hotspot\bin\nio.dll
Event: 0.153 Loaded shared library C:\Program Files\Eclipse Adoptium\jdk-21.0.2.13-hotspot\bin\zip.dll
Event: 0.217 Loaded shared library C:\Program Files\Eclipse Adoptium\jdk-21.0.2.13-hotspot\bin\jimage.dll
Event: 0.256 Loaded shared library C:\Program Files\Eclipse Adoptium\jdk-21.0.2.13-hotspot\bin\extnet.dll
Event: 1.052 Loaded shared library C:\Program Files\Eclipse Adoptium\jdk-21.0.2.13-hotspot\bin\sunmscapi.dll

Deoptimization events (20 events):
Event: 1.592 Thread 0x0000029c731c8d30 Uncommon trap: trap_request=0xffffffde fr.pc=0x0000029c07b42dc4 relative=0x0000000000000124
Event: 1.592 Thread 0x0000029c731c8d30 Uncommon trap: reason=class_check action=maybe_recompile pc=0x0000029c07b42dc4 method=jdk.internal.misc.Unsafe.allocateUninitializedArray(Ljava/lang/Class;I)Ljava/lang/Object; @ 51 c2
Event: 1.592 Thread 0x0000029c731c8d30 DEOPT PACKING pc=0x0000029c07b42dc4 sp=0x000000a11dbfc2f0
Event: 1.592 Thread 0x0000029c731c8d30 DEOPT UNPACKING pc=0x0000029c075846a2 sp=0x000000a11dbfc268 mode 2
Event: 3.552 Thread 0x0000029c731c8d30 Uncommon trap: trap_request=0xffffff45 fr.pc=0x0000029c07b12f74 relative=0x0000000000000054
Event: 3.552 Thread 0x0000029c731c8d30 Uncommon trap: reason=unstable_if action=reinterpret pc=0x0000029c07b12f74 method=java.lang.CharacterData.of(I)Ljava/lang/CharacterData; @ 4 c2
Event: 3.552 Thread 0x0000029c731c8d30 DEOPT PACKING pc=0x0000029c07b12f74 sp=0x000000a11dbfe180
Event: 3.552 Thread 0x0000029c731c8d30 DEOPT UNPACKING pc=0x0000029c075846a2 sp=0x000000a11dbfe120 mode 2
Event: 3.553 Thread 0x0000029c731c8d30 Uncommon trap: trap_request=0xffffffde fr.pc=0x0000029c07b39bf4 relative=0x0000000000000414
Event: 3.553 Thread 0x0000029c731c8d30 Uncommon trap: reason=class_check action=maybe_recompile pc=0x0000029c07b39bf4 method=java.lang.String.<init>(Ljava/lang/AbstractStringBuilder;Ljava/lang/Void;)V @ 10 c2
Event: 3.553 Thread 0x0000029c731c8d30 DEOPT PACKING pc=0x0000029c07b39bf4 sp=0x000000a11dbfea30
Event: 3.553 Thread 0x0000029c731c8d30 DEOPT UNPACKING pc=0x0000029c075846a2 sp=0x000000a11dbfe9f8 mode 2
Event: 3.553 Thread 0x0000029c731c8d30 Uncommon trap: trap_request=0xffffffde fr.pc=0x0000029c07b39bf4 relative=0x0000000000000414
Event: 3.553 Thread 0x0000029c731c8d30 Uncommon trap: reason=class_check action=maybe_recompile pc=0x0000029c07b39bf4 method=java.lang.String.<init>(Ljava/lang/AbstractStringBuilder;Ljava/lang/Void;)V @ 10 c2
Event: 3.553 Thread 0x0000029c731c8d30 DEOPT PACKING pc=0x0000029c07b39bf4 sp=0x000000a11dbfebd0
Event: 3.553 Thread 0x0000029c731c8d30 DEOPT UNPACKING pc=0x0000029c075846a2 sp=0x000000a11dbfeb98 mode 2
Event: 3.586 Thread 0x0000029c731c8d30 Uncommon trap: trap_request=0xffffffde fr.pc=0x0000029c07b39bf4 relative=0x0000000000000414
Event: 3.586 Thread 0x0000029c731c8d30 Uncommon trap: reason=class_check action=maybe_recompile pc=0x0000029c07b39bf4 method=java.lang.String.<init>(Ljava/lang/AbstractStringBuilder;Ljava/lang/Void;)V @ 10 c2
Event: 3.586 Thread 0x0000029c731c8d30 DEOPT PACKING pc=0x0000029c07b39bf4 sp=0x000000a11dbfef40
Event: 3.586 Thread 0x0000029c731c8d30 DEOPT UNPACKING pc=0x0000029c075846a2 sp=0x000000a11dbfef08 mode 2

Classes loaded (20 events):
Event: 3.554 Loading class sun/util/logging/resources/logging
Event: 3.554 Loading class sun/util/logging/resources/logging done
Event: 3.554 Loading class java/util/ResourceBundle$BundleReference
Event: 3.554 Loading class java/util/ResourceBundle$BundleReference done
Event: 3.555 Loading class sun/util/logging/resources/logging_en
Event: 3.555 Loading class sun/util/logging/resources/logging_en done
Event: 3.555 Loading class sun/util/logging/resources/logging_en
Event: 3.555 Loading class sun/util/logging/resources/logging_en done
Event: 3.556 Loading class sun/util/logging/resources/logging_en_IN
Event: 3.556 Loading class sun/util/logging/resources/logging_en_IN done
Event: 3.556 Loading class sun/util/logging/resources/logging_en_IN
Event: 3.556 Loading class sun/util/logging/resources/logging_en_IN done
Event: 3.556 Loading class java/util/Formatter$DateTime
Event: 3.556 Loading class java/util/Formatter$DateTime done
Event: 3.556 Loading class java/time/ZonedDateTime$1
Event: 3.556 Loading class java/time/ZonedDateTime$1 done
Event: 3.582 Loading class java/lang/ArrayIndexOutOfBoundsException
Event: 3.582 Loading class java/lang/ArrayIndexOutOfBoundsException done
Event: 3.584 Loading class java/util/ServiceConfigurationError
Event: 3.584 Loading class java/util/ServiceConfigurationError done

Classes unloaded (0 events):
No events

Classes redefined (0 events):
No events

Internal exceptions (20 events):
Event: 1.006 Thread 0x0000029c731c8d30 Exception <a 'java/lang/NoSuchMethodError'{0x0000000719351d40}: 'java.lang.Object java.lang.invoke.Invokers$Holder.invokeExact_MT(java.lang.Object, java.lang.Object, java.lang.Object, java.lang.Object, java.lang.Object, java.lang.Object)'> (0x0000000719351d40) 
thrown [s\src\hotspot\share\interpreter\linkResolver.cpp, line 773]
Event: 1.106 Thread 0x0000029c731c8d30 Exception <a 'sun/nio/fs/WindowsException'{0x00000007190abc10}> (0x00000007190abc10) 
thrown [s\src\hotspot\share\prims\jni.cpp, line 520]
Event: 1.170 Thread 0x0000029c731c8d30 Exception <a 'java/lang/NoSuchMethodError'{0x0000000718f38bb0}: 'void java.lang.invoke.DirectMethodHandle$Holder.invokeVirtual(java.lang.Object, java.lang.Object)'> (0x0000000718f38bb0) 
thrown [s\src\hotspot\share\interpreter\linkResolver.cpp, line 773]
Event: 1.256 Thread 0x0000029c731c8d30 Exception <a 'java/lang/NoSuchMethodError'{0x000000071888dbd0}: 'java.lang.Object java.lang.invoke.DirectMethodHandle$Holder.invokeStaticInit(java.lang.Object, int, int, int, int)'> (0x000000071888dbd0) 
thrown [s\src\hotspot\share\interpreter\linkResolver.cpp, line 773]
Event: 1.273 Thread 0x0000029c731c8d30 Exception <a 'java/lang/NoSuchMethodError'{0x00000007188d79a0}: 'java.lang.Object java.lang.invoke.DirectMethodHandle$Holder.invokeStaticInit(java.lang.Object, java.lang.Object, int, int, int, int)'> (0x00000007188d79a0) 
thrown [s\src\hotspot\share\interpreter\linkResolver.cpp, line 773]
Event: 1.386 Thread 0x0000029c731c8d30 Exception <a 'java/lang/NoSuchMethodError'{0x00000007186c4700}: 'java.lang.Object java.lang.invoke.DirectMethodHandle$Holder.invokeInterface(java.lang.Object, java.lang.Object, java.lang.Object)'> (0x00000007186c4700) 
thrown [s\src\hotspot\share\interpreter\linkResolver.cpp, line 773]
Event: 1.387 Thread 0x0000029c731c8d30 Exception <a 'java/lang/IncompatibleClassChangeError'{0x00000007186c7ae8}: Found class java.lang.Object, but interface was expected> (0x00000007186c7ae8) 
thrown [s\src\hotspot\share\interpreter\linkResolver.cpp, line 840]
Event: 1.388 Thread 0x0000029c731c8d30 Exception <a 'java/lang/NoSuchMethodError'{0x00000007186ceca0}: 'int java.lang.invoke.DirectMethodHandle$Holder.invokeSpecialIFC(java.lang.Object, java.lang.Object, java.lang.Object, java.lang.Object)'> (0x00000007186ceca0) 
thrown [s\src\hotspot\share\interpreter\linkResolver.cpp, line 773]
Event: 1.398 Thread 0x0000029c731c8d30 Exception <a 'java/lang/NoSuchMethodError'{0x000000071872b930}: 'java.lang.Object java.lang.invoke.DirectMethodHandle$Holder.invokeVirtual(java.lang.Object, java.lang.Object, java.lang.Object, java.lang.Object)'> (0x000000071872b930) 
thrown [s\src\hotspot\share\interpreter\linkResolver.cpp, line 773]
Event: 1.444 Thread 0x0000029c5aa6e6c0 Exception <a 'java/net/ConnectException'{0x0000000719a673c0}: Connection refused: getsockopt> (0x0000000719a673c0) 
thrown [s\src\hotspot\share\prims\jni.cpp, line 539]
Event: 1.513 Thread 0x0000029c731c8d30 Exception <a 'java/lang/NoSuchMethodError'{0x0000000719816d90}: 'java.lang.Object java.lang.invoke.DirectMethodHandle$Holder.newInvokeSpecial(java.lang.Object, java.lang.Object, int, int)'> (0x0000000719816d90) 
thrown [s\src\hotspot\share\interpreter\linkResolver.cpp, line 773]
Event: 1.515 Thread 0x0000029c731c8d30 Exception <a 'java/lang/NoSuchMethodError'{0x0000000719820ff8}: 'void java.lang.invoke.DirectMethodHandle$Holder.invokeStatic(java.lang.Object, java.lang.Object, int)'> (0x0000000719820ff8) 
thrown [s\src\hotspot\share\interpreter\linkResolver.cpp, line 773]
Event: 1.539 Thread 0x0000029c731c8d30 Exception <a 'java/lang/NoSuchMethodError'{0x0000000719903758}: 'java.lang.Object java.lang.invoke.DirectMethodHandle$Holder.newInvokeSpecial(java.lang.Object, java.lang.Object, java.lang.Object, java.lang.Object, java.lang.Object)'> (0x0000000719903758) 
thrown [s\src\hotspot\share\interpreter\linkResolver.cpp, line 773]
Event: 1.595 Thread 0x0000029c731c8d30 Exception <a 'java/lang/NoSuchMethodError'{0x000000071970c428}: 'void java.lang.invoke.DirectMethodHandle$Holder.invokeSpecial(java.lang.Object, java.lang.Object, java.lang.Object)'> (0x000000071970c428) 
thrown [s\src\hotspot\share\interpreter\linkResolver.cpp, line 773]
Event: 1.631 Thread 0x0000029c5ae184e0 Exception <a 'java/lang/NoSuchMethodError'{0x00000007197e8d48}: 'java.lang.Object java.lang.invoke.DirectMethodHandle$Holder.invokeSpecial(java.lang.Object, java.lang.Object, java.lang.Object, java.lang.Object, int)'> (0x00000007197e8d48) 
thrown [s\src\hotspot\share\interpreter\linkResolver.cpp, line 773]
Event: 1.631 Thread 0x0000029c5ae184e0 Exception <a 'java/lang/NoSuchMethodError'{0x00000007197ec690}: 'java.lang.Object java.lang.invoke.Invokers$Holder.linkToTargetMethod(java.lang.Object, java.lang.Object, int, java.lang.Object)'> (0x00000007197ec690) 
thrown [s\src\hotspot\share\interpreter\linkResolver.cpp, line 773]
Event: 1.651 Thread 0x0000029c5ae184e0 Exception <a 'java/lang/NoSuchMethodError'{0x000000071942cbf0}: 'void java.lang.invoke.DirectMethodHandle$Holder.invokeSpecial(java.lang.Object, java.lang.Object, java.lang.Object, java.lang.Object, java.lang.Object)'> (0x000000071942cbf0) 
thrown [s\src\hotspot\share\interpreter\linkResolver.cpp, line 773]
Event: 3.408 Thread 0x0000029c5ae184e0 Exception <a 'java/lang/NoSuchMethodError'{0x000000071952e9a8}: 'void java.lang.invoke.DirectMethodHandle$Holder.invokeSpecial(java.lang.Object, java.lang.Object, java.lang.Object, java.lang.Object, java.lang.Object, java.lang.Object, java.lang.Object)'> (0x000000071952e9a8) 
thrown [s\src\hotspot\share\interpreter\linkResolver.cpp, line 773]
Event: 3.461 Thread 0x0000029c731c8d30 Exception <a 'java/lang/NoSuchMethodError'{0x00000007192ba2f0}: 'java.lang.Object java.lang.invoke.DirectMethodHandle$Holder.invokeSpecialIFC(java.lang.Object, java.lang.Object, java.lang.Object)'> (0x00000007192ba2f0) 
thrown [s\src\hotspot\share\interpreter\linkResolver.cpp, line 773]
Event: 3.554 Thread 0x0000029c731c8d30 Exception <a 'java/lang/ClassNotFoundException'{0x00000007191ba178}: sun/util/logging/resources/spi/loggingProvider> (0x00000007191ba178) 
thrown [s\src\hotspot\share\classfile\systemDictionary.cpp, line 312]

ZGC Phase Switch (0 events):
No events

VM Operations (20 events):
Event: 1.407 Executing VM operation: HandshakeAllThreads (Deoptimize)
Event: 1.407 Executing VM operation: HandshakeAllThreads (Deoptimize) done
Event: 1.419 Executing VM operation: G1CollectForAllocation (G1 Evacuation Pause)
Event: 1.434 Executing VM operation: G1CollectForAllocation (G1 Evacuation Pause) done
Event: 1.472 Executing VM operation: HandshakeAllThreads (Deoptimize)
Event: 1.472 Executing VM operation: HandshakeAllThreads (Deoptimize) done
Event: 1.483 Executing VM operation: HandshakeAllThreads (Deoptimize)
Event: 1.483 Executing VM operation: HandshakeAllThreads (Deoptimize) done
Event: 1.528 Executing VM operation: HandshakeAllThreads (Deoptimize)
Event: 1.528 Executing VM operation: HandshakeAllThreads (Deoptimize) done
Event: 2.528 Executing VM operation: Cleanup
Event: 2.528 Executing VM operation: Cleanup done
Event: 3.399 Executing VM operation: HandshakeAllThreads (Deoptimize)
Event: 3.399 Executing VM operation: HandshakeAllThreads (Deoptimize) done
Event: 3.400 Executing VM operation: HandshakeAllThreads (Deoptimize)
Event: 3.400 Executing VM operation: HandshakeAllThreads (Deoptimize) done
Event: 3.543 Executing VM operation: HandshakeAllThreads (Deoptimize)
Event: 3.544 Executing VM operation: HandshakeAllThreads (Deoptimize) done
Event: 3.544 Executing VM operation: Cleanup
Event: 3.544 Executing VM operation: Cleanup done

Events (20 events):
Event: 0.111 Thread 0x0000029c5a186e00 Thread added: 0x0000029c5a186e00
Event: 0.145 Thread 0x0000029c5a1936e0 Thread added: 0x0000029c5a1936e0
Event: 0.401 Thread 0x0000029c5a367c70 Thread added: 0x0000029c5a367c70
Event: 0.868 Thread 0x0000029c5a367c70 Thread exited: 0x0000029c5a367c70
Event: 0.871 Thread 0x0000029c5a1936e0 Thread exited: 0x0000029c5a1936e0
Event: 0.940 Thread 0x0000029c5a7daf70 Thread added: 0x0000029c5a7daf70
Event: 1.336 Thread 0x0000029c5a936350 Thread added: 0x0000029c5a936350
Event: 1.406 Thread 0x0000029c5adeee90 Thread added: 0x0000029c5adeee90
Event: 1.408 Thread 0x0000029c5ab7fe40 Thread added: 0x0000029c5ab7fe40
Event: 1.409 Thread 0x0000029c5a91dbf0 Thread added: 0x0000029c5a91dbf0
Event: 1.418 Thread 0x0000029c5aa6e6c0 Thread added: 0x0000029c5aa6e6c0
Event: 1.472 Thread 0x0000029c5ae19890 Thread added: 0x0000029c5ae19890
Event: 1.617 Thread 0x0000029c5ae184e0 Thread added: 0x0000029c5ae184e0
Event: 1.663 Thread 0x0000029c5ae18b70 Thread added: 0x0000029c5ae18b70
Event: 1.663 Thread 0x0000029c5ae1a5b0 Thread added: 0x0000029c5ae1a5b0
Event: 3.498 Thread 0x0000029c5ae19200 Thread added: 0x0000029c5ae19200
Event: 3.498 Thread 0x0000029c5ae19f20 Thread added: 0x0000029c5ae19f20
Event: 3.500 Thread 0x0000029c5ae17e50 Thread added: 0x0000029c5ae17e50
Event: 3.501 Thread 0x0000029c5ae1ac40 Thread added: 0x0000029c5ae1ac40
Event: 3.546 Thread 0x0000029c5af3e8c0 Thread added: 0x0000029c5af3e8c0


Dynamic libraries:
0x00007ff6a8720000 - 0x00007ff6a872e000 	C:\Program Files\Eclipse Adoptium\jdk-21.0.2.13-hotspot\bin\javaw.exe
0x00007ff9d22b0000 - 0x00007ff9d24c7000 	C:\windows\SYSTEM32\ntdll.dll
0x00007ff9d1390000 - 0x00007ff9d1454000 	C:\windows\System32\KERNEL32.DLL
0x00007ff9cf930000 - 0x00007ff9cfcdd000 	C:\windows\System32\KERNELBASE.dll
0x00007ff9cfd60000 - 0x00007ff9cfe71000 	C:\windows\System32\ucrtbase.dll
0x00007ff9a7170000 - 0x00007ff9a718b000 	C:\Program Files\Eclipse Adoptium\jdk-21.0.2.13-hotspot\bin\VCRUNTIME140.dll
0x00007ff9a81f0000 - 0x00007ff9a8208000 	C:\Program Files\Eclipse Adoptium\jdk-21.0.2.13-hotspot\bin\jli.dll
0x00007ff9d01a0000 - 0x00007ff9d034e000 	C:\windows\System32\USER32.dll
0x00007ff9cfe80000 - 0x00007ff9cfea6000 	C:\windows\System32\win32u.dll
0x00007ff9b7dd0000 - 0x00007ff9b8063000 	C:\windows\WinSxS\amd64_microsoft.windows.common-controls_6595b64144ccf1df_6.0.22621.3672_none_2713b9d173822955\COMCTL32.dll
0x00007ff9d1690000 - 0x00007ff9d16b9000 	C:\windows\System32\GDI32.dll
0x00007ff9d1520000 - 0x00007ff9d15c7000 	C:\windows\System32\msvcrt.dll
0x00007ff9cf810000 - 0x00007ff9cf929000 	C:\windows\System32\gdi32full.dll
0x00007ff9cf740000 - 0x00007ff9cf7da000 	C:\windows\System32\msvcp_win.dll
0x00007ff9d2090000 - 0x00007ff9d20c1000 	C:\windows\System32\IMM32.DLL
0x00007ff9ad500000 - 0x00007ff9ad50c000 	C:\Program Files\Eclipse Adoptium\jdk-21.0.2.13-hotspot\bin\vcruntime140_1.dll
0x00007ff955220000 - 0x00007ff9552ae000 	C:\Program Files\Eclipse Adoptium\jdk-21.0.2.13-hotspot\bin\msvcp140.dll
0x00007ff956c50000 - 0x00007ff9579d3000 	C:\Program Files\Eclipse Adoptium\jdk-21.0.2.13-hotspot\bin\server\jvm.dll
0x00007ff9d12d0000 - 0x00007ff9d1382000 	C:\windows\System32\ADVAPI32.dll
0x00007ff9d1460000 - 0x00007ff9d1509000 	C:\windows\System32\sechost.dll
0x00007ff9cf7e0000 - 0x00007ff9cf808000 	C:\windows\System32\bcrypt.dll
0x00007ff9d03d0000 - 0x00007ff9d04e4000 	C:\windows\System32\RPCRT4.dll
0x00007ff9cffe0000 - 0x00007ff9d0051000 	C:\windows\System32\WS2_32.dll
0x00007ff9c9b50000 - 0x00007ff9c9b84000 	C:\windows\SYSTEM32\WINMM.dll
0x00007ff9ce420000 - 0x00007ff9ce46d000 	C:\windows\SYSTEM32\POWRPROF.dll
0x00007ff9c9180000 - 0x00007ff9c918a000 	C:\windows\SYSTEM32\VERSION.dll
0x00007ff9ce400000 - 0x00007ff9ce413000 	C:\windows\SYSTEM32\UMPDC.dll
0x00007ff9ce6b0000 - 0x00007ff9ce6c8000 	C:\windows\SYSTEM32\kernel.appcore.dll
0x00007ff9cb0f0000 - 0x00007ff9cb0fa000 	C:\Program Files\Eclipse Adoptium\jdk-21.0.2.13-hotspot\bin\jimage.dll
0x00007ff9c5dc0000 - 0x00007ff9c5ff2000 	C:\windows\SYSTEM32\DBGHELP.DLL
0x00007ff9d0a70000 - 0x00007ff9d0dfd000 	C:\windows\System32\combase.dll
0x00007ff9d11f0000 - 0x00007ff9d12c7000 	C:\windows\System32\OLEAUT32.dll
0x00007ff9af670000 - 0x00007ff9af6a2000 	C:\windows\SYSTEM32\dbgcore.DLL
0x00007ff9cfce0000 - 0x00007ff9cfd5b000 	C:\windows\System32\bcryptPrimitives.dll
0x00007ff9b71f0000 - 0x00007ff9b720f000 	C:\Program Files\Eclipse Adoptium\jdk-21.0.2.13-hotspot\bin\java.dll
0x00007ff9d1820000 - 0x00007ff9d2087000 	C:\windows\System32\SHELL32.dll
0x00007ff9cd4e0000 - 0x00007ff9cddde000 	C:\windows\SYSTEM32\windows.storage.dll
0x00007ff9cd3a0000 - 0x00007ff9cd4df000 	C:\windows\SYSTEM32\wintypes.dll
0x00007ff9d1720000 - 0x00007ff9d1819000 	C:\windows\System32\SHCORE.dll
0x00007ff9d1630000 - 0x00007ff9d168e000 	C:\windows\System32\shlwapi.dll
0x00007ff9cf500000 - 0x00007ff9cf521000 	C:\windows\SYSTEM32\profapi.dll
0x00007ff9b3580000 - 0x00007ff9b3657000 	C:\Program Files\Eclipse Adoptium\jdk-21.0.2.13-hotspot\bin\jsvml.dll
0x00007ff9cb0e0000 - 0x00007ff9cb0f0000 	C:\Program Files\Eclipse Adoptium\jdk-21.0.2.13-hotspot\bin\net.dll
0x00007ff9cada0000 - 0x00007ff9caed6000 	C:\windows\SYSTEM32\WINHTTP.dll
0x00007ff9ceb10000 - 0x00007ff9ceb79000 	C:\windows\system32\mswsock.dll
0x00007ff9b71d0000 - 0x00007ff9b71e6000 	C:\Program Files\Eclipse Adoptium\jdk-21.0.2.13-hotspot\bin\nio.dll
0x00007ff9b71b0000 - 0x00007ff9b71c8000 	C:\Program Files\Eclipse Adoptium\jdk-21.0.2.13-hotspot\bin\zip.dll
0x00007ff9b4c60000 - 0x00007ff9b4c69000 	C:\Program Files\Eclipse Adoptium\jdk-21.0.2.13-hotspot\bin\extnet.dll
0x00007ff9ce0e0000 - 0x00007ff9ce1d8000 	C:\windows\SYSTEM32\DNSAPI.dll
0x00007ff9ce0b0000 - 0x00007ff9ce0dd000 	C:\windows\SYSTEM32\IPHLPAPI.DLL
0x00007ff9d11e0000 - 0x00007ff9d11e9000 	C:\windows\System32\NSI.dll
0x0000000071bc0000 - 0x0000000071be6000 	C:\Program Files\Bonjour\mdnsNSP.dll
0x00007ff9cb0b0000 - 0x00007ff9cb0ba000 	C:\Windows\System32\rasadhlp.dll
0x00007ff9c9a40000 - 0x00007ff9c9ac3000 	C:\windows\System32\fwpuclnt.dll
0x00007ff9c8e20000 - 0x00007ff9c8e2e000 	C:\Program Files\Eclipse Adoptium\jdk-21.0.2.13-hotspot\bin\sunmscapi.dll
0x00007ff9cf5d0000 - 0x00007ff9cf737000 	C:\windows\System32\CRYPT32.dll
0x00007ff9cef80000 - 0x00007ff9cefae000 	C:\windows\SYSTEM32\ncrypt.dll
0x00007ff9cef40000 - 0x00007ff9cef77000 	C:\windows\SYSTEM32\NTASN1.dll
0x00007ff9ced50000 - 0x00007ff9ced6b000 	C:\windows\SYSTEM32\CRYPTSP.dll
0x00007ff9ce610000 - 0x00007ff9ce645000 	C:\windows\system32\rsaenh.dll
0x00007ff9cebc0000 - 0x00007ff9cebe8000 	C:\windows\SYSTEM32\USERENV.dll
0x00007ff9ced40000 - 0x00007ff9ced4c000 	C:\windows\SYSTEM32\CRYPTBASE.dll
0x00007ff9a4770000 - 0x00007ff9a4778000 	C:\windows\system32\wshunix.dll

dbghelp: loaded successfully - version: 4.0.5 - missing functions: none
symbol engine: initialized successfully - sym options: 0x614 - pdb path: .;C:\Program Files\Eclipse Adoptium\jdk-21.0.2.13-hotspot\bin;C:\windows\SYSTEM32;C:\windows\WinSxS\amd64_microsoft.windows.common-controls_6595b64144ccf1df_6.0.22621.3672_none_2713b9d173822955;C:\Program Files\Eclipse Adoptium\jdk-21.0.2.13-hotspot\bin\server;C:\Program Files\Bonjour

VM Arguments:
jvm_args: -Dfile.encoding=UTF-8 -Dstdout.encoding=UTF-8 -Dstderr.encoding=UTF-8 -XX:+ShowCodeDetailsInExceptionMessages 
java_command: Task.validate
java_class_path (initial): C:\Users\user\Desktop\FitPeo Assignment\Assignment\bin;D:\Software  Testing\java app\selenium-server-4.15.0.jar
Launcher Type: SUN_STANDARD

[Global flags]
     intx CICompilerCount                          = 4                                         {product} {ergonomic}
     uint ConcGCThreads                            = 3                                         {product} {ergonomic}
     uint G1ConcRefinementThreads                  = 10                                        {product} {ergonomic}
   size_t G1HeapRegionSize                         = 2097152                                   {product} {ergonomic}
    uintx GCDrainStackTargetSize                   = 64                                        {product} {ergonomic}
   size_t InitialHeapSize                          = 257949696                                 {product} {ergonomic}
   size_t MarkStackSize                            = 4194304                                   {product} {ergonomic}
   size_t MaxHeapSize                              = 4120903680                                {product} {ergonomic}
   size_t MaxNewSize                               = 2472542208                                {product} {ergonomic}
   size_t MinHeapDeltaBytes                        = 2097152                                   {product} {ergonomic}
   size_t MinHeapSize                              = 8388608                                   {product} {ergonomic}
    uintx NonNMethodCodeHeapSize                   = 5839372                                {pd product} {ergonomic}
    uintx NonProfiledCodeHeapSize                  = 122909434                              {pd product} {ergonomic}
    uintx ProfiledCodeHeapSize                     = 122909434                              {pd product} {ergonomic}
    uintx ReservedCodeCacheSize                    = 251658240                              {pd product} {ergonomic}
     bool SegmentedCodeCache                       = true                                      {product} {ergonomic}
     bool ShowCodeDetailsInExceptionMessages       = true                                   {manageable} {command line}
   size_t SoftMaxHeapSize                          = 4120903680                             {manageable} {ergonomic}
     bool UseCompressedOops                        = true                           {product lp64_product} {ergonomic}
     bool UseG1GC                                  = true                                      {product} {ergonomic}
     bool UseLargePagesIndividualAllocation        = false                                  {pd product} {ergonomic}

Logging:
Log output configuration:
 #0: stdout all=warning uptime,level,tags foldmultilines=false
 #1: stderr all=off uptime,level,tags foldmultilines=false

Environment Variables:
JAVA_HOME=C:\Program Files\Eclipse Adoptium\jdk-21.0.2.13-hotspot\
PATH=C:/Program Files/Eclipse Adoptium/jdk-21.0.2.13-hotspot/bin/server;C:/Program Files/Eclipse Adoptium/jdk-21.0.2.13-hotspot/bin;C:\Program Files\Eclipse Adoptium\jdk-21.0.2.13-hotspot\bin;C:\Program Files\Common Files\Oracle\Java\javapath;C:\windows\system32;C:\windows;C:\windows\System32\Wbem;C:\windows\System32\WindowsPowerShell\v1.0\;C:\windows\System32\OpenSSH\;C:\Program Files (x86)\NVIDIA Corporation\PhysX\Common;C:\Program Files\NVIDIA Corporation\NVIDIA NvDLISR;C:\Program Files\dotnet\;C:\Program Files\Java\jdk-17\bin;D:\apache-maven-3.9.6\bin;C:\Users\user\AppData\Local\Microsoft\WindowsApps;C:\Users\user\AppData\Local\Programs\Microsoft VS Code\bin;C:\Users\user\Desktop;
USERNAME=user
OS=Windows_NT
PROCESSOR_IDENTIFIER=AMD64 Family 25 Model 80 Stepping 0, AuthenticAMD
TMP=C:\Users\user\AppData\Local\Temp
TEMP=C:\Users\user\AppData\Local\Temp




Periodic native trim disabled

---------------  S Y S T E M  ---------------

OS:
 Windows 11 , 64 bit Build 22621 (10.0.22621.3958)
OS uptime: 1 days 21:00 hours
Hyper-V role detected

CPU: total 12 (initial active 12) (12 cores per cpu, 2 threads per core) family 25 model 80 stepping 0 microcode 0x0, cx8, cmov, fxsr, ht, mmx, 3dnowpref, sse, sse2, sse3, ssse3, sse4a, sse4.1, sse4.2, popcnt, lzcnt, tsc, tscinvbit, avx, avx2, aes, erms, clmul, bmi1, bmi2, adx, sha, fma, vzeroupper, clflush, clflushopt, hv, rdtscp, rdpid, fsrm, f16c, cet_ss
Processor Information for processor 0
  Max Mhz: 3301, Current Mhz: 1805, Mhz Limit: 3301
Processor Information for processor 1
  Max Mhz: 3301, Current Mhz: 1805, Mhz Limit: 3301
Processor Information for processor 2
  Max Mhz: 3301, Current Mhz: 1805, Mhz Limit: 3301
Processor Information for processor 3
  Max Mhz: 3301, Current Mhz: 3301, Mhz Limit: 3301
Processor Information for processor 4
  Max Mhz: 3301, Current Mhz: 1805, Mhz Limit: 3301
Processor Information for processor 5
  Max Mhz: 3301, Current Mhz: 1805, Mhz Limit: 3301
Processor Information for processor 6
  Max Mhz: 3301, Current Mhz: 1805, Mhz Limit: 3301
Processor Information for processor 7
  Max Mhz: 3301, Current Mhz: 1805, Mhz Limit: 3301
Processor Information for processor 8
  Max Mhz: 3301, Current Mhz: 1805, Mhz Limit: 3301
Processor Information for processor 9
  Max Mhz: 3301, Current Mhz: 1805, Mhz Limit: 3301
Processor Information for processor 10
  Max Mhz: 3301, Current Mhz: 1805, Mhz Limit: 3301
Processor Information for processor 11
  Max Mhz: 3301, Current Mhz: 1805, Mhz Limit: 3301

Memory: 4k page, system-wide physical 15713M (4336M free)
TotalPageFile size 39151M (AvailPageFile size 2M)
current process WorkingSet (physical memory assigned to process): 107M, peak: 107M
current process commit charge ("private bytes"): 371M, peak: 371M

vm_info: OpenJDK 64-Bit Server VM (21.0.2+13-LTS) for windows-amd64 JRE (21.0.2+13-LTS), built on 2024-01-16T00:00:00Z by "admin" with unknown MS VC++:1937

END.
